<?xml version="1.0" encoding="UTF-8"?>
<testng-results ignored="0" total="1" passed="1" failed="0" skipped="0">
  <reporter-output>
  </reporter-output>
  <suite started-at="2024-02-26T08:49:33 IST" name="Gradle suite" finished-at="2024-02-26T08:49:46 IST" duration-ms="12972">
    <groups>
    </groups>
    <test started-at="2024-02-26T08:49:33 IST" name="Gradle test" finished-at="2024-02-26T08:49:46 IST" duration-ms="12972">
      <class name="com.herokuapp.theinternet.PageTests.AlertPageTest">
        <test-method is-config="true" signature="initializeDriver()[pri:0, instance:com.herokuapp.theinternet.PageTests.AlertPageTest@7951f82e]" started-at="2024-02-26T08:49:33 IST" name="initializeDriver" finished-at="2024-02-26T08:49:45 IST" duration-ms="12148" status="PASS">
          <reporter-output>
          </reporter-output>
        </test-method> <!-- initializeDriver -->
        <test-method signature="verifyJSAlertOnPage()[pri:0, instance:com.herokuapp.theinternet.PageTests.AlertPageTest@7951f82e]" started-at="2024-02-26T08:49:45 IST" name="verifyJSAlertOnPage" finished-at="2024-02-26T08:49:46 IST" duration-ms="595" status="PASS">
          <reporter-output>
          </reporter-output>
        </test-method> <!-- verifyJSAlertOnPage -->
        <test-method is-config="true" signature="quitDriver()[pri:0, instance:com.herokuapp.theinternet.PageTests.AlertPageTest@7951f82e]" started-at="2024-02-26T08:49:46 IST" name="quitDriver" finished-at="2024-02-26T08:49:46 IST" duration-ms="200" status="PASS">
          <reporter-output>
          </reporter-output>
        </test-method> <!-- quitDriver -->
      </class> <!-- com.herokuapp.theinternet.PageTests.AlertPageTest -->
    </test> <!-- Gradle test -->
  </suite> <!-- Gradle suite -->
</testng-results>
