<?xml version="1.0" encoding="UTF-8"?>
<testng-results ignored="0" total="1" passed="1" failed="0" skipped="0">
  <reporter-output>
  </reporter-output>
  <suite started-at="2024-04-22T13:04:59 IST" name="Gradle suite" finished-at="2024-04-22T13:05:13 IST" duration-ms="13398">
    <groups>
    </groups>
    <test started-at="2024-04-22T13:04:59 IST" name="Gradle test" finished-at="2024-04-22T13:05:13 IST" duration-ms="13398">
      <class name="com.herokuapp.theinternet.PageTests.AlertPageTest">
        <test-method is-config="true" signature="initializeDriver()[pri:0, instance:com.herokuapp.theinternet.PageTests.AlertPageTest@2c8c894c]" started-at="2024-04-22T13:04:59 IST" name="initializeDriver" finished-at="2024-04-22T13:05:11 IST" duration-ms="11971" status="PASS">
          <reporter-output>
          </reporter-output>
        </test-method> <!-- initializeDriver -->
        <test-method signature="verifyJSAlertOnPage()[pri:0, instance:com.herokuapp.theinternet.PageTests.AlertPageTest@2c8c894c]" started-at="2024-04-22T13:05:11 IST" name="verifyJSAlertOnPage" finished-at="2024-04-22T13:05:12 IST" duration-ms="1090" status="PASS">
          <reporter-output>
          </reporter-output>
        </test-method> <!-- verifyJSAlertOnPage -->
        <test-method is-config="true" signature="quitDriver()[pri:0, instance:com.herokuapp.theinternet.PageTests.AlertPageTest@2c8c894c]" started-at="2024-04-22T13:05:12 IST" name="quitDriver" finished-at="2024-04-22T13:05:13 IST" duration-ms="304" status="PASS">
          <reporter-output>
          </reporter-output>
        </test-method> <!-- quitDriver -->
      </class> <!-- com.herokuapp.theinternet.PageTests.AlertPageTest -->
    </test> <!-- Gradle test -->
  </suite> <!-- Gradle suite -->
</testng-results>
